<?xml version="1.0" encoding="utf-8"?><testsuites><testsuite errors="0" failures="0" hostname="TIAGO" name="pytest" skipped="0" tests="7" time="9.856" timestamp="2020-05-07T13:53:15.986122"><testcase classname="test_submit" file="test_submit.py" line="3" name="test_q1" time="0.003"></testcase><testcase classname="test_submit" file="test_submit.py" line="8" name="test_q2" time="0.005"></testcase><testcase classname="test_submit" file="test_submit.py" line="13" name="test_q3" time="0.004"></testcase><testcase classname="test_submit" file="test_submit.py" line="18" name="test_q4" time="0.005"></testcase><testcase classname="test_submit" file="test_submit.py" line="23" name="test_q5" time="0.012"></testcase><testcase classname="test_submit" file="test_submit.py" line="28" name="test_q6" time="0.010"></testcase><testcase classname="test_submit" file="test_submit.py" line="33" name="test_q7" time="0.009"></testcase></testsuite></testsuites>