<?xml version="1.0" encoding="utf-8"?><testsuites><testsuite errors="0" failures="0" hostname="TIAGO" name="pytest" skipped="0" tests="4" time="9.452" timestamp="2020-05-12T15:48:14.889342"><testcase classname="test_submit" file="test_submit.py" line="3" name="test_q1" time="0.069"></testcase><testcase classname="test_submit" file="test_submit.py" line="8" name="test_q2" time="0.071"></testcase><testcase classname="test_submit" file="test_submit.py" line="13" name="test_q3" time="0.099"></testcase><testcase classname="test_submit" file="test_submit.py" line="18" name="test_q4" time="0.613"></testcase></testsuite></testsuites>